The Meson build system
Version: 1.5.2
Source dir: /Users/lin/Desktop/Project/opengL/mesa
Build dir: /Users/lin/Desktop/Project/opengL/mesa/build1
Build type: native build
Project name: mesa
Project version: 24.3.0-devel
C compiler for the host machine: cc (clang 16.0.0 "Apple clang version 16.0.0 (clang-1600.0.26.3)")
C linker for the host machine: cc ld64 1115.7.3
C++ compiler for the host machine: c++ (clang 16.0.0 "Apple clang version 16.0.0 (clang-1600.0.26.3)")
C++ linker for the host machine: c++ ld64 1115.7.3
Host machine cpu family: aarch64
Host machine cpu: aarch64
Objective-C compiler for the host machine: clang (clang 19.1.2)
Objective-C linker for the host machine: clang ld64 1115.7.3
Checking for size of "void*" : 8 
Message: with_mesa_debug@0@,buildtype=@1@ false debugoptimized
Message: gbm_backends_path/opt/homebrew/lib/dri
Message: auto_features true
Message: shared-glapi true
Message: pre_args -D__STDC_CONSTANT_MACROS:-D__STDC_FORMAT_MACROS:-D__STDC_LIMIT_MACROS:-DPACKAGE_VERSION="24.3.0-devel":-DPACKAGE_BUGREPORT="https://gitlab.freedesktop.org/mesa/mesa/-/issues":-DHAVE_OPENGL=1:-DHAVE_OPENGL_ES_1=1:-DHAVE_OPENGL_ES_2=1
Message: system_has_kms_drm false
Message: with_gallium_kmsro=false,gallium_drivers['llvmpipe', 'softpipe']
Message: with_any_llvmpipe=true,with_gallium_or_lvp=true
Message: with_gallium=true,system_has_kms_drm=false
Message: pre_args=['-D__STDC_CONSTANT_MACROS', '-D__STDC_FORMAT_MACROS', '-D__STDC_LIMIT_MACROS', '-DPACKAGE_VERSION="24.3.0-devel"', '-DPACKAGE_BUGREPORT="https://gitlab.freedesktop.org/mesa/mesa/-/issues"', '-DHAVE_OPENGL=1', '-DHAVE_OPENGL_ES_1=1', '-DHAVE_OPENGL_ES_2=1', '-DHAVE_LLVMPIPE', '-DHAVE_SOFTPIPE', '-DHAVE_SWRAST', '-DBUILDING_MESA', '-DVK_ENABLE_BETA_EXTENSIONS', '-DVIDEO_CODEC_VC1DEC=0', '-DVIDEO_CODEC_H264DEC=0', '-DVIDEO_CODEC_H264ENC=0', '-DVIDEO_CODEC_H265DEC=0', '-DVIDEO_CODEC_H265ENC=0', '-DVIDEO_CODEC_AV1DEC=1', '-DVIDEO_CODEC_AV1ENC=1', '-DVIDEO_CODEC_VP9DEC=1', '-DHAVE_X11_PLATFORM', '-DHAVE_MACOS_PLATFORM', '-DHAVE_SURFACELESS_PLATFORM', '-DHAVE_XCB_PLATFORM'],with_dri=true with_gallium_iris=false
Checking if "-mtls-dialect=gnu2" runs: DID NOT COMPILE
Checking if "-mtls-dialect=desc" runs: DID NOT COMPILE
Found pkg-config: YES (/opt/homebrew/bin/pkg-config) 0.29.2
Found CMake: /Applications/CLion.app/Contents/bin/cmake/mac/aarch64/bin/cmake (3.29.6)
Run-time dependency libglvnd found: NO (tried pkgconfig, framework and cmake)
Dependency vdpau skipped: feature gallium-vdpau disabled
Program glslangValidator found: NO
Dependency libva skipped: feature gallium-va disabled
Program python3 found: YES (/Users/lin/.pyenv/shims/python3)
Fetching value of define "ETIME" : 101 
Compiler for C supports arguments -gsplit-dwarf: YES 
Compiler for C supports link arguments -Wl,--gdb-index: NO 
Checking for function "bswap32" : YES 
Checking for function "bswap64" : YES 
Checking for function "clz" : YES 
Checking for function "clzll" : YES 
Checking for function "ctz" : YES 
Checking for function "expect" : YES 
Checking for function "ffs" : YES 
Checking for function "ffsll" : YES 
Checking for function "popcount" : YES 
Checking for function "popcountll" : YES 
Checking for function "unreachable" : YES 
Checking for function "types_compatible_p" : YES 
Compiler for C supports function attribute const: YES 
Compiler for C supports function attribute flatten: YES 
Compiler for C supports function attribute malloc: YES 
Compiler for C supports function attribute pure: YES 
Compiler for C supports function attribute unused: YES 
Compiler for C supports function attribute warn_unused_result: YES 
Compiler for C supports function attribute weak: YES 
Compiler for C supports function attribute format: YES 
Compiler for C supports function attribute packed: YES 
Compiler for C supports function attribute returns_nonnull: YES 
Compiler for C supports function attribute alias: NO 
Compiler for C supports function attribute noreturn: YES 
Compiler for C supports function attribute optimize: NO 
Compiler for C supports function attribute visibility:hidden: YES 
Checking if "__uint128_t" compiles: YES 
Checking for function "reallocarray" : NO 
Checking for function "fmemopen" : YES 
Checking if "gc-sections" : links: NO 
Compiler for C supports arguments -Werror=implicit-function-declaration: YES 
Compiler for C supports arguments -Werror=missing-prototypes: YES 
Compiler for C supports arguments -Werror=return-type: YES 
Compiler for C supports arguments -Werror=empty-body: YES 
Compiler for C supports arguments -Werror=incompatible-pointer-types: YES 
Compiler for C supports arguments -Werror=int-conversion: YES 
Compiler for C supports arguments -Wimplicit-fallthrough: YES 
Compiler for C supports arguments -Wmisleading-indentation: YES 
Compiler for C supports arguments -Wno-missing-field-initializers: YES 
Compiler for C supports arguments -Wno-format-truncation: NO 
Compiler for C supports arguments -Wno-nonnull-compare: NO 
Compiler for C supports arguments -fno-math-errno: YES 
Compiler for C supports arguments -fno-trapping-math: YES 
Compiler for C supports arguments -Qunused-arguments: YES 
Compiler for C supports arguments -fno-common: YES 
Compiler for C supports arguments -Wno-unknown-pragmas: YES 
Compiler for C supports arguments -Wno-microsoft-enum-value: YES 
Compiler for C supports arguments -Wno-unused-function: YES 
Compiler for C supports arguments -Werror=format: YES 
Compiler for C supports arguments -Wformat-security: YES 
Compiler for C supports arguments -Werror=thread-safety: YES 
Compiler for C++ supports arguments -Werror=return-type: YES 
Compiler for C++ supports arguments -Werror=empty-body: YES 
Compiler for C++ supports arguments -Wmisleading-indentation: YES 
Compiler for C++ supports arguments -Wno-non-virtual-dtor: YES 
Compiler for C++ supports arguments -Wno-missing-field-initializers: YES 
Compiler for C++ supports arguments -Wno-format-truncation: NO 
Compiler for C++ supports arguments -fno-math-errno: YES 
Compiler for C++ supports arguments -fno-trapping-math: YES 
Compiler for C++ supports arguments -Qunused-arguments: YES 
Compiler for C++ supports arguments -flifetime-dse=1: NO 
Compiler for C++ supports arguments -Wno-unknown-pragmas: YES 
Compiler for C++ supports arguments -Wno-microsoft-enum-value: YES 
Compiler for C++ supports arguments -Werror=format: YES 
Compiler for C++ supports arguments -Wformat-security: YES 
Compiler for C supports arguments -Wno-override-init: YES 
Compiler for C supports arguments -Wno-initializer-overrides: YES 
Compiler for C supports arguments -Werror=pointer-arith: YES 
Compiler for C supports arguments -Werror=vla: YES 
Compiler for C supports arguments -Werror=gnu-empty-initializer: YES 
Compiler for C++ supports arguments -Werror=pointer-arith: YES 
Compiler for C++ supports arguments -Werror=vla: YES 
Compiler for C++ supports arguments -Werror=gnu-empty-initializer: YES 
Checking for function "__builtin_ia32_clflushopt" : NO 
Checking if "GCC atomic builtins" compiles: YES 
Checking if "GCC atomic builtins required -latomic" : links: YES 
Checking if "GCC 64bit atomics" with dependency : links: YES 
Library ws2_32 found: NO
Header "sys/sysmacros.h" has symbol "major" : NO 
Header "sys/mkdev.h" has symbol "major" : NO 
Check usable header "sched.h" : YES 
Checking for function "sched_getaffinity" : NO 
Check usable header "sys/sysctl.h" : YES 
Check usable header "xlocale.h" : YES 
Check usable header "linux/futex.h" : NO 
Check usable header "endian.h" : NO 
Check usable header "dlfcn.h" : YES 
Check usable header "sys/shm.h" : YES 
Check usable header "cet.h" : YES 
Check usable header "pthread_np.h" : NO 
Check usable header "sys/inotify.h" : NO 
Check usable header "linux/udmabuf.h" : NO 
Checking for function "strtof" : YES 
Checking for function "mkostemp" : YES 
Checking for function "memfd_create" : NO 
Checking for function "random_r" : NO 
Checking for function "flock" : YES 
Checking for function "strtok_r" : YES 
Checking for function "getrandom" : NO 
Checking for function "qsort_s" : NO 
Checking for function "posix_fallocate" : NO 
Checking for function "secure_getenv" : NO 
Checking if "GNU qsort_r" : links: NO 
Checking if "BSD qsort_r" : links: YES 
Header "time.h" has symbol "struct timespec" : YES 
Checking for function "thrd_create" : NO 
Header "errno.h" has symbol "program_invocation_name" : NO 
Header "math.h" has symbol "issignaling" : NO 
Checking for function "posix_memalign" : YES 
Checking whether type "struct dirent" has member "d_type" : YES 
Checking if "strtod has locale support" : links: YES 
Checking if "Bsymbolic" : links: NO 
Checking if "version-script" : links: NO 
Checking if "dynamic-list" : links: NO 
Compiler for C supports link arguments -Wl,--build-id=sha1: NO 
Checking for function "dlopen" : YES 
Checking for function "dladdr" with dependency : YES 
Checking for function "dl_iterate_phdr" : NO 
Checking for function "clock_gettime" : YES 
Run-time dependency zlib found: YES 1.2.12
Run-time dependency libzstd found: YES 1.5.6
Run-time dependency threads found: YES
Checking for function "pthread_setaffinity_np" with dependency threads: NO 
Library expat found: YES
Library m found: YES
Run-time dependency libudev found: NO (tried pkgconfig, framework and cmake)
llvm-config found: YES (/opt/homebrew/opt/llvm/bin/llvm-config) 19.1.2
Run-time dependency LLVM (modules: bitwriter, core, engine, executionengine, instcombine, mcdisassembler, mcjit, native, scalaropts, transformutils, coroutines, lto) found: YES 19.1.2
Run-time dependency spirv-tools found: NO (tried pkgconfig, framework and cmake)
Run-time dependency lua54 found: NO (tried pkgconfig, framework and cmake)
Run-time dependency lua5.4 found: NO (tried pkgconfig, framework and cmake)
Run-time dependency lua-5.4 found: NO (tried pkgconfig, framework and cmake)
Run-time dependency lua53 found: NO (tried pkgconfig, framework and cmake)
Run-time dependency lua5.3 found: NO (tried pkgconfig, framework and cmake)
Run-time dependency lua-5.3 found: NO (tried pkgconfig, framework and cmake)
Run-time dependency lua found: NO (tried pkgconfig, framework and cmake)
Run-time dependency libelf found: NO (tried pkgconfig, framework and cmake)
Library elf found: NO
Run-time dependency valgrind found: NO (tried pkgconfig)
Program bison found: YES (/opt/homebrew/opt/bison/bin/bison)
Program bison found: YES 3.8.2 3.8.2 (/opt/homebrew/opt/bison/bin/bison)
Program flex found: YES (/usr/bin/flex)
Library System found: YES
Run-time dependency xcb found: YES 1.17.0
Run-time dependency xcb-randr found: YES 1.17.0
Run-time dependency x11 found: YES 1.8.10
Run-time dependency xext found: YES 1.3.6
Run-time dependency xfixes found: YES 6.0.1
Run-time dependency xcb-glx found: YES 1.17.0
Run-time dependency xcb-shm found: YES 1.17.0
Dependency xcb found: YES 1.17.0 (cached)
Run-time dependency xcb-keysyms found: NO (tried pkgconfig, framework and cmake)
Run-time dependency x11-xcb found: YES 1.8.10
Run-time dependency xcb-dri2 found: YES 1.17.0
Run-time dependency glproto found: YES 1.4.17
Run-time dependency xcb-xfixes found: YES 1.17.0
Dependency xcb-randr found: YES 1.17.0 (cached)
Run-time dependency xrandr found: YES 1.5.4
Library sensors found: NO
Program nm found: YES (/usr/bin/nm)
Program symbols-check.py found: YES (/opt/homebrew/opt/python@3.13/bin/python3.13 /Users/lin/Desktop/Project/opengL/mesa/bin/symbols-check.py)
Program install_megadrivers.py found: YES (/opt/homebrew/opt/python@3.13/bin/python3.13 /Users/lin/Desktop/Project/opengL/mesa/bin/install_megadrivers.py)
Program decode.py found: YES (/Users/lin/Desktop/Project/opengL/mesa/src/compiler/isaspec/decode.py)
Program encode.py found: YES (/Users/lin/Desktop/Project/opengL/mesa/src/compiler/isaspec/encode.py)
Compiler for C supports link arguments -Wl,--default-symver: NO 
Configuring dri.sym using configuration
src/gallium/targets/dri/meson.build:28: WARNING: The variable(s) 'va_driver_init', 'vdp_imp_device_create_x11' in the input file 'src/gallium/targets/dri/dri.sym.in' are not present in the given configuration data.
Library Xplugin found: YES
WARNING: Please do not define rpath with a linker argument, use install_rpath
or build_rpath properties instead.
This will become a hard error in a future Meson release.

Checking for function "mincore" : YES 
Program sphinx-build skipped: feature html-docs disabled
Library glfw found: YES
Run-time dependency appleframeworks found: YES (CoreFoundation)
Run-time dependency appleframeworks found: YES (Cocoa)
Run-time dependency appleframeworks found: YES (IOKit)
Run-time dependency appleframeworks found: YES (QuartzCore)
WARNING: Please do not define rpath with a linker argument, use install_rpath
or build_rpath properties instead.
This will become a hard error in a future Meson release.

WARNING: Please do not define rpath with a linker argument, use install_rpath
or build_rpath properties instead.
This will become a hard error in a future Meson release.

WARNING: Please do not define rpath with a linker argument, use install_rpath
or build_rpath properties instead.
This will become a hard error in a future Meson release.

WARNING: Please do not define rpath with a linker argument, use install_rpath
or build_rpath properties instead.
This will become a hard error in a future Meson release.

WARNING: Please do not define rpath with a linker argument, use install_rpath
or build_rpath properties instead.
This will become a hard error in a future Meson release.

WARNING: Please do not define rpath with a linker argument, use install_rpath
or build_rpath properties instead.
This will become a hard error in a future Meson release.

WARNING: Please do not define rpath with a linker argument, use install_rpath
or build_rpath properties instead.
This will become a hard error in a future Meson release.

WARNING: Please do not define rpath with a linker argument, use install_rpath
or build_rpath properties instead.
This will become a hard error in a future Meson release.

WARNING: Please do not define rpath with a linker argument, use install_rpath
or build_rpath properties instead.
This will become a hard error in a future Meson release.

WARNING: Please do not define rpath with a linker argument, use install_rpath
or build_rpath properties instead.
This will become a hard error in a future Meson release.

WARNING: Please do not define rpath with a linker argument, use install_rpath
or build_rpath properties instead.
This will become a hard error in a future Meson release.

WARNING: Please do not define rpath with a linker argument, use install_rpath
or build_rpath properties instead.
This will become a hard error in a future Meson release.

WARNING: Please do not define rpath with a linker argument, use install_rpath
or build_rpath properties instead.
This will become a hard error in a future Meson release.

WARNING: Please do not define rpath with a linker argument, use install_rpath
or build_rpath properties instead.
This will become a hard error in a future Meson release.

WARNING: Please do not define rpath with a linker argument, use install_rpath
or build_rpath properties instead.
This will become a hard error in a future Meson release.

WARNING: Please do not define rpath with a linker argument, use install_rpath
or build_rpath properties instead.
This will become a hard error in a future Meson release.

WARNING: Please do not define rpath with a linker argument, use install_rpath
or build_rpath properties instead.
This will become a hard error in a future Meson release.

WARNING: Please do not define rpath with a linker argument, use install_rpath
or build_rpath properties instead.
This will become a hard error in a future Meson release.

WARNING: Please do not define rpath with a linker argument, use install_rpath
or build_rpath properties instead.
This will become a hard error in a future Meson release.

WARNING: Please do not define rpath with a linker argument, use install_rpath
or build_rpath properties instead.
This will become a hard error in a future Meson release.

WARNING: Please do not define rpath with a linker argument, use install_rpath
or build_rpath properties instead.
This will become a hard error in a future Meson release.

WARNING: Please do not define rpath with a linker argument, use install_rpath
or build_rpath properties instead.
This will become a hard error in a future Meson release.

WARNING: Please do not define rpath with a linker argument, use install_rpath
or build_rpath properties instead.
This will become a hard error in a future Meson release.

WARNING: Please do not define rpath with a linker argument, use install_rpath
or build_rpath properties instead.
This will become a hard error in a future Meson release.

WARNING: Please do not define rpath with a linker argument, use install_rpath
or build_rpath properties instead.
This will become a hard error in a future Meson release.

WARNING: Please do not define rpath with a linker argument, use install_rpath
or build_rpath properties instead.
This will become a hard error in a future Meson release.

WARNING: Please do not define rpath with a linker argument, use install_rpath
or build_rpath properties instead.
This will become a hard error in a future Meson release.

WARNING: Please do not define rpath with a linker argument, use install_rpath
or build_rpath properties instead.
This will become a hard error in a future Meson release.

WARNING: Please do not define rpath with a linker argument, use install_rpath
or build_rpath properties instead.
This will become a hard error in a future Meson release.

WARNING: Please do not define rpath with a linker argument, use install_rpath
or build_rpath properties instead.
This will become a hard error in a future Meson release.

WARNING: Please do not define rpath with a linker argument, use install_rpath
or build_rpath properties instead.
This will become a hard error in a future Meson release.

WARNING: Please do not define rpath with a linker argument, use install_rpath
or build_rpath properties instead.
This will become a hard error in a future Meson release.

WARNING: Please do not define rpath with a linker argument, use install_rpath
or build_rpath properties instead.
This will become a hard error in a future Meson release.

WARNING: Please do not define rpath with a linker argument, use install_rpath
or build_rpath properties instead.
This will become a hard error in a future Meson release.

WARNING: Please do not define rpath with a linker argument, use install_rpath
or build_rpath properties instead.
This will become a hard error in a future Meson release.

WARNING: Please do not define rpath with a linker argument, use install_rpath
or build_rpath properties instead.
This will become a hard error in a future Meson release.

WARNING: Please do not define rpath with a linker argument, use install_rpath
or build_rpath properties instead.
This will become a hard error in a future Meson release.

WARNING: Please do not define rpath with a linker argument, use install_rpath
or build_rpath properties instead.
This will become a hard error in a future Meson release.

WARNING: Please do not define rpath with a linker argument, use install_rpath
or build_rpath properties instead.
This will become a hard error in a future Meson release.

WARNING: Please do not define rpath with a linker argument, use install_rpath
or build_rpath properties instead.
This will become a hard error in a future Meson release.

WARNING: Please do not define rpath with a linker argument, use install_rpath
or build_rpath properties instead.
This will become a hard error in a future Meson release.

WARNING: Please do not define rpath with a linker argument, use install_rpath
or build_rpath properties instead.
This will become a hard error in a future Meson release.

WARNING: Please do not define rpath with a linker argument, use install_rpath
or build_rpath properties instead.
This will become a hard error in a future Meson release.

WARNING: Please do not define rpath with a linker argument, use install_rpath
or build_rpath properties instead.
This will become a hard error in a future Meson release.

WARNING: Please do not define rpath with a linker argument, use install_rpath
or build_rpath properties instead.
This will become a hard error in a future Meson release.

WARNING: Please do not define rpath with a linker argument, use install_rpath
or build_rpath properties instead.
This will become a hard error in a future Meson release.

WARNING: Please do not define rpath with a linker argument, use install_rpath
or build_rpath properties instead.
This will become a hard error in a future Meson release.

WARNING: Please do not define rpath with a linker argument, use install_rpath
or build_rpath properties instead.
This will become a hard error in a future Meson release.

WARNING: Please do not define rpath with a linker argument, use install_rpath
or build_rpath properties instead.
This will become a hard error in a future Meson release.

WARNING: Please do not define rpath with a linker argument, use install_rpath
or build_rpath properties instead.
This will become a hard error in a future Meson release.

WARNING: Please do not define rpath with a linker argument, use install_rpath
or build_rpath properties instead.
This will become a hard error in a future Meson release.

WARNING: Please do not define rpath with a linker argument, use install_rpath
or build_rpath properties instead.
This will become a hard error in a future Meson release.

WARNING: Please do not define rpath with a linker argument, use install_rpath
or build_rpath properties instead.
This will become a hard error in a future Meson release.

WARNING: Please do not define rpath with a linker argument, use install_rpath
or build_rpath properties instead.
This will become a hard error in a future Meson release.

WARNING: Please do not define rpath with a linker argument, use install_rpath
or build_rpath properties instead.
This will become a hard error in a future Meson release.

WARNING: Please do not define rpath with a linker argument, use install_rpath
or build_rpath properties instead.
This will become a hard error in a future Meson release.

WARNING: Please do not define rpath with a linker argument, use install_rpath
or build_rpath properties instead.
This will become a hard error in a future Meson release.

WARNING: Please do not define rpath with a linker argument, use install_rpath
or build_rpath properties instead.
This will become a hard error in a future Meson release.

WARNING: Please do not define rpath with a linker argument, use install_rpath
or build_rpath properties instead.
This will become a hard error in a future Meson release.

WARNING: Please do not define rpath with a linker argument, use install_rpath
or build_rpath properties instead.
This will become a hard error in a future Meson release.

WARNING: Please do not define rpath with a linker argument, use install_rpath
or build_rpath properties instead.
This will become a hard error in a future Meson release.

WARNING: Please do not define rpath with a linker argument, use install_rpath
or build_rpath properties instead.
This will become a hard error in a future Meson release.

WARNING: Please do not define rpath with a linker argument, use install_rpath
or build_rpath properties instead.
This will become a hard error in a future Meson release.

WARNING: Please do not define rpath with a linker argument, use install_rpath
or build_rpath properties instead.
This will become a hard error in a future Meson release.

WARNING: Please do not define rpath with a linker argument, use install_rpath
or build_rpath properties instead.
This will become a hard error in a future Meson release.

WARNING: Please do not define rpath with a linker argument, use install_rpath
or build_rpath properties instead.
This will become a hard error in a future Meson release.

WARNING: Please do not define rpath with a linker argument, use install_rpath
or build_rpath properties instead.
This will become a hard error in a future Meson release.

WARNING: Please do not define rpath with a linker argument, use install_rpath
or build_rpath properties instead.
This will become a hard error in a future Meson release.

WARNING: Please do not define rpath with a linker argument, use install_rpath
or build_rpath properties instead.
This will become a hard error in a future Meson release.

WARNING: Please do not define rpath with a linker argument, use install_rpath
or build_rpath properties instead.
This will become a hard error in a future Meson release.

WARNING: Please do not define rpath with a linker argument, use install_rpath
or build_rpath properties instead.
This will become a hard error in a future Meson release.

WARNING: Please do not define rpath with a linker argument, use install_rpath
or build_rpath properties instead.
This will become a hard error in a future Meson release.

WARNING: Please do not define rpath with a linker argument, use install_rpath
or build_rpath properties instead.
This will become a hard error in a future Meson release.

WARNING: Please do not define rpath with a linker argument, use install_rpath
or build_rpath properties instead.
This will become a hard error in a future Meson release.

WARNING: Please do not define rpath with a linker argument, use install_rpath
or build_rpath properties instead.
This will become a hard error in a future Meson release.

WARNING: Please do not define rpath with a linker argument, use install_rpath
or build_rpath properties instead.
This will become a hard error in a future Meson release.

WARNING: Please do not define rpath with a linker argument, use install_rpath
or build_rpath properties instead.
This will become a hard error in a future Meson release.

WARNING: Please do not define rpath with a linker argument, use install_rpath
or build_rpath properties instead.
This will become a hard error in a future Meson release.

WARNING: Please do not define rpath with a linker argument, use install_rpath
or build_rpath properties instead.
This will become a hard error in a future Meson release.

WARNING: Please do not define rpath with a linker argument, use install_rpath
or build_rpath properties instead.
This will become a hard error in a future Meson release.

WARNING: Please do not define rpath with a linker argument, use install_rpath
or build_rpath properties instead.
This will become a hard error in a future Meson release.

WARNING: Please do not define rpath with a linker argument, use install_rpath
or build_rpath properties instead.
This will become a hard error in a future Meson release.

Build targets in project: 208

mesa 24.3.0-devel

  Directories
    prefix                       : /opt/homebrew
    libdir                       : lib
    includedir                   : include

  Common C and C++ arguments
    c_cpp_args                   :

  OpenGL
    OpenGL                       : YES
    ES1                          : YES
    ES2                          : YES
    Shared glapi                 : YES
    GLVND                        : NO

  DRI
    Platform                     : apple
    Driver dir                   : /opt/homebrew/lib/dri

  GLX
    Enabled                      : YES
    Provider                     : dri

  EGL
    Enabled                      : YES
    Drivers                      : builtin:egl_dri2
    Platforms                    : x11 macos surfaceless xcb

  GBM
    Enabled                      : NO

  Vulkan
    Drivers                      : NO

  Video
    Codecs                       : av1dec av1enc vp9dec
    APIs                         : NO

  LLVM
    Enabled                      : YES
    Version                      : 19.1.2

  Gallium
    Enabled                      : YES
    Drivers                      : llvmpipe softpipe
    Platforms                    : x11 macos surfaceless xcb
    Frontends                    : mesa
    Off-screen rendering (OSMesa): NO
    HUD lm-sensors               : NO

  Perfetto
    Enabled                      : NO

  Teflon (TensorFlow Lite delegate)
    Enabled                      : NO

Found ninja-1.12.1 at /opt/homebrew/bin/ninja
